2022-11-30 16:16:19 	Check_Network 	OK
2022-11-30 16:16:23 	Start_Ngrok  	OK
2022-11-30 16:16:25 	Get_Pub_Link 	OK
2022-11-30 16:16:28 	Send_Email  	Fail
2022-11-30 16:17:13 	No_IP_address 	Error
2022-11-30 16:17:18 	No_IP_address 	Error
2022-11-30 16:17:23 	No_IP_address 	Error
2022-11-30 16:17:36 	Check_Network 	OK
2022-11-30 16:17:40 	Start_Ngrok  	OK
2022-11-30 16:17:42 	Get_Pub_Link 	OK
2022-11-30 16:17:45 	Send_Email  	Fail
2022-11-30 16:21:44 	Check_Network 	OK
2022-11-30 16:21:48 	Start_Ngrok  	OK
2022-11-30 16:21:50 	Get_Pub_Link 	OK
2022-11-30 16:21:54 	Send_Email  	OK
2022-11-30 16:29:40 	Check_Network 	OK
2022-11-30 16:29:41 	Start_Ngrok 	Error
2022-11-30 16:32:01 	Check_Network 	OK
2022-11-30 16:32:02 	Start_Ngrok 	Error
2022-11-30 16:32:31 	Check_Network 	OK
2022-11-30 16:32:35 	Start_Ngrok  	OK
2022-11-30 16:32:39 	Get_Pub_Link 	OK
2022-11-30 16:32:42 	Send_Email  	Fail
2022-11-30 16:33:03 	Check_Network 	OK
2022-11-30 16:33:07 	Start_Ngrok  	OK
2022-11-30 16:33:09 	Get_Pub_Link 	OK
2022-11-30 16:33:13 	Send_Email  	OK
